<?xml version="1.0" encoding="UTF-8"?>
<testsuites>
  <testsuite name="C:\Users\PC12A-ESIS\Downloads\veterinaria\phpunit.xml" tests="23" assertions="43" errors="0" failures="0" skipped="0" time="0.518125">
    <testsuite name="Domain Tests" tests="23" assertions="43" errors="0" failures="0" skipped="0" time="0.518125">
      <testsuite name="Test\Cliente\Dominio\ClienteTest" file="C:\Users\PC12A-ESIS\Downloads\veterinaria\tests\Cliente\Dominio\ClienteTest.php" tests="8" assertions="19" errors="0" failures="0" skipped="0" time="0.007218">
        <testcase name="test_debe_crear_un_cliente_con_valores_correctos_y_rol_por_defecto" file="C:\Users\PC12A-ESIS\Downloads\veterinaria\tests\Cliente\Dominio\ClienteTest.php" line="31" class="Test\Cliente\Dominio\ClienteTest" classname="Test.Cliente.Dominio.ClienteTest" assertions="6" time="0.005777"/>
        <testcase name="test_no_debe_permitir_un_nombre_vacio" file="C:\Users\PC12A-ESIS\Downloads\veterinaria\tests\Cliente\Dominio\ClienteTest.php" line="65" class="Test\Cliente\Dominio\ClienteTest" classname="Test.Cliente.Dominio.ClienteTest" assertions="2" time="0.000821"/>
        <testcase name="test_debe_promover_a_administrador_correctamente" file="C:\Users\PC12A-ESIS\Downloads\veterinaria\tests\Cliente\Dominio\ClienteTest.php" line="94" class="Test\Cliente\Dominio\ClienteTest" classname="Test.Cliente.Dominio.ClienteTest" assertions="1" time="0.000088"/>
        <testcase name="test_debe_promover_a_veterinario_correctamente" file="C:\Users\PC12A-ESIS\Downloads\veterinaria\tests\Cliente\Dominio\ClienteTest.php" line="103" class="Test\Cliente\Dominio\ClienteTest" classname="Test.Cliente.Dominio.ClienteTest" assertions="1" time="0.000066"/>
        <testcase name="test_debe_mapear_el_cliente_a_un_arreglo_plano_correctamente" file="C:\Users\PC12A-ESIS\Downloads\veterinaria\tests\Cliente\Dominio\ClienteTest.php" line="112" class="Test\Cliente\Dominio\ClienteTest" classname="Test.Cliente.Dominio.ClienteTest" assertions="5" time="0.000254"/>
        <testcase name="test_mapear_a_arreglo_debe_retornar_id_nulo_si_no_tiene_id" file="C:\Users\PC12A-ESIS\Downloads\veterinaria\tests\Cliente\Dominio\ClienteTest.php" line="134" class="Test\Cliente\Dominio\ClienteTest" classname="Test.Cliente.Dominio.ClienteTest" assertions="1" time="0.000068"/>
        <testcase name="test_no_debe_permitir_un_rol_invalido" file="C:\Users\PC12A-ESIS\Downloads\veterinaria\tests\Cliente\Dominio\ClienteTest.php" line="79" class="Test\Cliente\Dominio\ClienteTest" classname="Test.Cliente.Dominio.ClienteTest" assertions="2" time="0.000079"/>
        <testcase name="test_debe_permitir_asignar_un_id_valido_en_el_constructor" file="C:\Users\PC12A-ESIS\Downloads\veterinaria\tests\Cliente\Dominio\ClienteTest.php" line="49" class="Test\Cliente\Dominio\ClienteTest" classname="Test.Cliente.Dominio.ClienteTest" assertions="1" time="0.000065"/>
      </testsuite>
      <testsuite name="Test\Cliente\Dominio\ObjetoValor\ClienteIdTest" file="C:\Users\PC12A-ESIS\Downloads\veterinaria\tests\Cliente\Dominio\ObjetoValor\ClienteIdTest.php" tests="3" assertions="5" errors="0" failures="0" skipped="0" time="0.000196">
        <testcase name="test_debe_crear_id_valido" file="C:\Users\PC12A-ESIS\Downloads\veterinaria\tests\Cliente\Dominio\ObjetoValor\ClienteIdTest.php" line="11" class="Test\Cliente\Dominio\ObjetoValor\ClienteIdTest" classname="Test.Cliente.Dominio.ObjetoValor.ClienteIdTest" assertions="1" time="0.000069"/>
        <testcase name="test_debe_lanzar_excepcion_si_el_id_es_cero" file="C:\Users\PC12A-ESIS\Downloads\veterinaria\tests\Cliente\Dominio\ObjetoValor\ClienteIdTest.php" line="16" class="Test\Cliente\Dominio\ObjetoValor\ClienteIdTest" classname="Test.Cliente.Dominio.ObjetoValor.ClienteIdTest" assertions="2" time="0.000067"/>
        <testcase name="test_debe_lanzar_excepcion_si_el_id_es_negativo" file="C:\Users\PC12A-ESIS\Downloads\veterinaria\tests\Cliente\Dominio\ObjetoValor\ClienteIdTest.php" line="23" class="Test\Cliente\Dominio\ObjetoValor\ClienteIdTest" classname="Test.Cliente.Dominio.ObjetoValor.ClienteIdTest" assertions="2" time="0.000060"/>
      </testsuite>
      <testsuite name="Test\Cliente\Dominio\ObjetoValor\ContrasenaTest" file="C:\Users\PC12A-ESIS\Downloads\veterinaria\tests\Cliente\Dominio\ObjetoValor\ContrasenaTest.php" tests="2" assertions="5" errors="0" failures="0" skipped="0" time="0.509815">
        <testcase name="test_debe_fallar_si_el_hash_de_la_contrasena_esta_vacio" file="C:\Users\PC12A-ESIS\Downloads\veterinaria\tests\Cliente\Dominio\ObjetoValor\ContrasenaTest.php" line="22" class="Test\Cliente\Dominio\ObjetoValor\ContrasenaTest" classname="Test.Cliente.Dominio.ObjetoValor.ContrasenaTest" assertions="2" time="0.000069"/>
        <testcase name="test_debe_crear_contrasena_valida_y_permitir_verificarla" file="C:\Users\PC12A-ESIS\Downloads\veterinaria\tests\Cliente\Dominio\ObjetoValor\ContrasenaTest.php" line="11" class="Test\Cliente\Dominio\ObjetoValor\ContrasenaTest" classname="Test.Cliente.Dominio.ObjetoValor.ContrasenaTest" assertions="3" time="0.509746"/>
      </testsuite>
      <testsuite name="Test\Cliente\Dominio\ObjetoValor\CorreoElectronicoTest" file="C:\Users\PC12A-ESIS\Downloads\veterinaria\tests\Cliente\Dominio\ObjetoValor\CorreoElectronicoTest.php" tests="3" assertions="4" errors="0" failures="0" skipped="0" time="0.000343">
        <testcase name="test_debe_crear_correo_valido_y_normalizarlo" file="C:\Users\PC12A-ESIS\Downloads\veterinaria\tests\Cliente\Dominio\ObjetoValor\CorreoElectronicoTest.php" line="11" class="Test\Cliente\Dominio\ObjetoValor\CorreoElectronicoTest" classname="Test.Cliente.Dominio.ObjetoValor.CorreoElectronicoTest" assertions="1" time="0.000144"/>
        <testcase name="test_debe_lanzar_excepcion_si_el_formato_es_invalido" file="C:\Users\PC12A-ESIS\Downloads\veterinaria\tests\Cliente\Dominio\ObjetoValor\CorreoElectronicoTest.php" line="16" class="Test\Cliente\Dominio\ObjetoValor\CorreoElectronicoTest" classname="Test.Cliente.Dominio.ObjetoValor.CorreoElectronicoTest" assertions="2" time="0.000099"/>
        <testcase name="testDeberiaDetectarSiSonDiferentes" file="C:\Users\PC12A-ESIS\Downloads\veterinaria\tests\Cliente\Dominio\ObjetoValor\CorreoElectronicoTest.php" line="22" class="Test\Cliente\Dominio\ObjetoValor\CorreoElectronicoTest" classname="Test.Cliente.Dominio.ObjetoValor.CorreoElectronicoTest" assertions="1" time="0.000100"/>
      </testsuite>
      <testsuite name="Test\Cliente\Dominio\ObjetoValor\TelefonoTest" file="C:\Users\PC12A-ESIS\Downloads\veterinaria\tests\Cliente\Dominio\ObjetoValor\TelefonoTest.php" tests="7" assertions="10" errors="0" failures="0" skipped="0" time="0.000553">
        <testcase name="test_debe_crear_telefono_valido" file="C:\Users\PC12A-ESIS\Downloads\veterinaria\tests\Cliente\Dominio\ObjetoValor\TelefonoTest.php" line="12" class="Test\Cliente\Dominio\ObjetoValor\TelefonoTest" classname="Test.Cliente.Dominio.ObjetoValor.TelefonoTest" assertions="1" time="0.000075"/>
        <testcase name="test_debe_fallar_si_tiene_letras" file="C:\Users\PC12A-ESIS\Downloads\veterinaria\tests\Cliente\Dominio\ObjetoValor\TelefonoTest.php" line="17" class="Test\Cliente\Dominio\ObjetoValor\TelefonoTest" classname="Test.Cliente.Dominio.ObjetoValor.TelefonoTest" assertions="2" time="0.000072"/>
        <testcase name="test_debe_fallar_si_no_empieza_con_9" file="C:\Users\PC12A-ESIS\Downloads\veterinaria\tests\Cliente\Dominio\ObjetoValor\TelefonoTest.php" line="24" class="Test\Cliente\Dominio\ObjetoValor\TelefonoTest" classname="Test.Cliente.Dominio.ObjetoValor.TelefonoTest" assertions="2" time="0.000087"/>
        <testcase name="test_debe_fallar_si_no_tiene_nueve_digitos" file="C:\Users\PC12A-ESIS\Downloads\veterinaria\tests\Cliente\Dominio\ObjetoValor\TelefonoTest.php" line="31" class="Test\Cliente\Dominio\ObjetoValor\TelefonoTest" classname="Test.Cliente.Dominio.ObjetoValor.TelefonoTest" assertions="2" time="0.000089"/>
        <testcase name="test_debe_retornar_true_si_los_telefonos_tienen_el_mismo_numero" file="C:\Users\PC12A-ESIS\Downloads\veterinaria\tests\Cliente\Dominio\ObjetoValor\TelefonoTest.php" line="37" class="Test\Cliente\Dominio\ObjetoValor\TelefonoTest" classname="Test.Cliente.Dominio.ObjetoValor.TelefonoTest" assertions="1" time="0.000059"/>
        <testcase name="test_debe_retornar_false_si_los_telefonos_son_distintos" file="C:\Users\PC12A-ESIS\Downloads\veterinaria\tests\Cliente\Dominio\ObjetoValor\TelefonoTest.php" line="44" class="Test\Cliente\Dominio\ObjetoValor\TelefonoTest" classname="Test.Cliente.Dominio.ObjetoValor.TelefonoTest" assertions="1" time="0.000076"/>
        <testcase name="testDeberiaLimpiarEspaciosEnBlancoAccidentales" file="C:\Users\PC12A-ESIS\Downloads\veterinaria\tests\Cliente\Dominio\ObjetoValor\TelefonoTest.php" line="50" class="Test\Cliente\Dominio\ObjetoValor\TelefonoTest" classname="Test.Cliente.Dominio.ObjetoValor.TelefonoTest" assertions="1" time="0.000096"/>
      </testsuite>
    </testsuite>
  </testsuite>
</testsuites>
