<?xml version="1.0" encoding="UTF-8"?>
<testsuites>
  <testsuite name="C:\xampp\htdocs\veterinaria-hexagonal\phpunit.xml" tests="16" assertions="30" errors="0" failures="0" skipped="0" time="0.245892">
    <testsuite name="Domain Tests" tests="9" assertions="17" errors="0" failures="0" skipped="0" time="0.181903">
      <testsuite name="CitaTest" file="C:\xampp\htdocs\veterinaria-hexagonal\tests\Domain\CitaTest.php" tests="9" assertions="17" errors="0" failures="0" skipped="0" time="0.181903">
        <testcase name="testCrearCitaValida" file="C:\xampp\htdocs\veterinaria-hexagonal\tests\Domain\CitaTest.php" line="11" class="CitaTest" classname="CitaTest" assertions="5" time="0.152743"/>
        <testcase name="testCrearCitaSinClienteLanzaExcepcion" file="C:\xampp\htdocs\veterinaria-hexagonal\tests\Domain\CitaTest.php" line="25" class="CitaTest" classname="CitaTest" assertions="2" time="0.004465"/>
        <testcase name="testCrearCitaSinMascotaLanzaExcepcion" file="C:\xampp\htdocs\veterinaria-hexagonal\tests\Domain\CitaTest.php" line="36" class="CitaTest" classname="CitaTest" assertions="2" time="0.003163"/>
        <testcase name="testConfirmarCitaPendiente" file="C:\xampp\htdocs\veterinaria-hexagonal\tests\Domain\CitaTest.php" line="47" class="CitaTest" classname="CitaTest" assertions="1" time="0.003636"/>
        <testcase name="testConfirmarCitaCanceladaLanzaExcepcion" file="C:\xampp\htdocs\veterinaria-hexagonal\tests\Domain\CitaTest.php" line="58" class="CitaTest" classname="CitaTest" assertions="2" time="0.003972"/>
        <testcase name="testCancelarCitaConfirmadaLanzaExcepcion" file="C:\xampp\htdocs\veterinaria-hexagonal\tests\Domain\CitaTest.php" line="71" class="CitaTest" classname="CitaTest" assertions="2" time="0.003132"/>
        <testcase name="testCancelarCitaPendiente" file="C:\xampp\htdocs\veterinaria-hexagonal\tests\Domain\CitaTest.php" line="84" class="CitaTest" classname="CitaTest" assertions="1" time="0.003399"/>
        <testcase name="testCancelarCitaYaCancelada" file="C:\xampp\htdocs\veterinaria-hexagonal\tests\Domain\CitaTest.php" line="95" class="CitaTest" classname="CitaTest" assertions="1" time="0.003338"/>
        <testcase name="testToArrayDevuelveDatosCorrectos" file="C:\xampp\htdocs\veterinaria-hexagonal\tests\Domain\CitaTest.php" line="107" class="CitaTest" classname="CitaTest" assertions="1" time="0.004055"/>
      </testsuite>
    </testsuite>
    <testsuite name="Application Tests" tests="7" assertions="13" errors="0" failures="0" skipped="0" time="0.063989">
      <testsuite name="GestionCitasImplTest" file="C:\xampp\htdocs\veterinaria-hexagonal\tests\Application\GestionCitasImplTest.php" tests="7" assertions="13" errors="0" failures="0" skipped="0" time="0.063989">
        <testcase name="testCrearCita" file="C:\xampp\htdocs\veterinaria-hexagonal\tests\Application\GestionCitasImplTest.php" line="62" class="GestionCitasImplTest" classname="GestionCitasImplTest" assertions="4" time="0.040556"/>
        <testcase name="testListarCitasVacio" file="C:\xampp\htdocs\veterinaria-hexagonal\tests\Application\GestionCitasImplTest.php" line="75" class="GestionCitasImplTest" classname="GestionCitasImplTest" assertions="1" time="0.004444"/>
        <testcase name="testListarCitasDespuesDeCrear" file="C:\xampp\htdocs\veterinaria-hexagonal\tests\Application\GestionCitasImplTest.php" line="84" class="GestionCitasImplTest" classname="GestionCitasImplTest" assertions="1" time="0.003505"/>
        <testcase name="testConfirmarCita" file="C:\xampp\htdocs\veterinaria-hexagonal\tests\Application\GestionCitasImplTest.php" line="95" class="GestionCitasImplTest" classname="GestionCitasImplTest" assertions="1" time="0.003143"/>
        <testcase name="testConfirmarCitaInexistenteLanzaExcepcion" file="C:\xampp\htdocs\veterinaria-hexagonal\tests\Application\GestionCitasImplTest.php" line="106" class="GestionCitasImplTest" classname="GestionCitasImplTest" assertions="2" time="0.004951"/>
        <testcase name="testCancelarCita" file="C:\xampp\htdocs\veterinaria-hexagonal\tests\Application\GestionCitasImplTest.php" line="117" class="GestionCitasImplTest" classname="GestionCitasImplTest" assertions="1" time="0.003709"/>
        <testcase name="testFlujoCompleto" file="C:\xampp\htdocs\veterinaria-hexagonal\tests\Application\GestionCitasImplTest.php" line="128" class="GestionCitasImplTest" classname="GestionCitasImplTest" assertions="3" time="0.003681"/>
      </testsuite>
    </testsuite>
  </testsuite>
</testsuites>
